This is pdfTeX, Version 3.141592653-2.6-1.40.22 (MiKTeX 21.6) (preloaded format=pdflatex 2021.9.14)  30 NOV 2021 18:34
entering extended mode
**./conclusion.tex
(conclusion.tex
LaTeX2e <2021-06-01>
L3 programming layer <2021-06-01>
! Undefined control sequence.
l.1 \chapter
            *{–í—ã–≤–æ–¥}
The control sequence at the end of the top line
of your error message was never \def'ed. If you have
misspelled it (e.g., `\hobx'), type `I' and the correct
spelling (e.g., `I\hbox'). Otherwise just continue,
and I'll forget about whatever was undefined.


! LaTeX Error: Missing \begin{document}.

See the LaTeX manual or LaTeX Companion for explanation.
Type  H <return>  for immediate help.
 ...                                              
                                                  
l.1 \chapter*
             {–í—ã–≤–æ–¥}
You're in trouble here.  Try typing  <return>  to proceed.
If that doesn't work, type  X <return>  to quit.

Missing character: There is no * in font nullfont!

! Package inputenc Error: Unicode character –í (U+0412)
(inputenc)                not set up for use with LaTeX.

See the inputenc package documentation for explanation.
Type  H <return>  for immediate help.
 ...                                              
                                                  
l.1 \chapter*{–í
                —ã–≤–æ–¥}
You may provide a definition with
\DeclareUnicodeCharacter 


! Package inputenc Error: Unicode character —ã (U+044B)
(inputenc)                not set up for use with LaTeX.

See the inputenc package documentation for explanation.
Type  H <return>  for immediate help.
 ...                                              
                                                  
l.1 \chapter*{–í—ã
                  –≤–æ–¥}
You may provide a definition with
\DeclareUnicodeCharacter 


! Package inputenc Error: Unicode character –≤ (U+0432)
(inputenc)                not set up for use with LaTeX.

See the inputenc package documentation for explanation.
Type  H <return>  for immediate help.
 ...                                              
                                                  
l.1 \chapter*{–í—ã–≤
                    –æ–¥}
You may provide a definition with
\DeclareUnicodeCharacter 


! Package inputenc Error: Unicode character –æ (U+043E)
(inputenc)                not set up for use with LaTeX.

See the inputenc package documentation for explanation.
Type  H <return>  for immediate help.
 ...                                              
                                                  
l.1 \chapter*{–í—ã–≤–æ
                      –¥}
You may provide a definition with
\DeclareUnicodeCharacter 


! Package inputenc Error: Unicode character –¥ (U+0434)
(inputenc)                not set up for use with LaTeX.

See the inputenc package documentation for explanation.
Type  H <return>  for immediate help.
 ...                                              
                                                  
l.1 \chapter*{–í—ã–≤–æ–¥
                        }
You may provide a definition with
\DeclareUnicodeCharacter 


! Package inputenc Error: Unicode character –§ (U+0424)
(inputenc)                not set up for use with LaTeX.

See the inputenc package documentation for explanation.
Type  H <return>  for immediate help.
 ...                                              
                                                  
l.2 –§
      —É–Ω–∫—Ü–∏–∏ –æ–±—Ä–∞–±–æ—Ç—á–∏–∫–∞ –ø—Ä–µ—Ä—ã–≤–∞–Ω–∏—è –æ—Ç —Å–∏—Å—Ç...

You may provide a definition with
\DeclareUnicodeCharacter 


! Package inputenc Error: Unicode character —É (U+0443)
(inputenc)                not set up for use with LaTeX.

See the inputenc package documentation for explanation.
Type  H <return>  for immediate help.
 ...                                              
                                                  
l.2 –§—É
        –Ω–∫—Ü–∏–∏ –æ–±—Ä–∞–±–æ—Ç—á–∏–∫–∞ –ø—Ä–µ—Ä—ã–≤–∞–Ω–∏—è –æ—Ç —Å–∏—Å—Ç...

You may provide a definition with
\DeclareUnicodeCharacter 


! Package inputenc Error: Unicode character –Ω (U+043D)
(inputenc)                not set up for use with LaTeX.

See the inputenc package documentation for explanation.
Type  H <return>  for immediate help.
 ...                                              
                                                  
l.2 –§—É–Ω
          –∫—Ü–∏–∏ –æ–±—Ä–∞–±–æ—Ç—á–∏–∫–∞ –ø—Ä–µ—Ä—ã–≤–∞–Ω–∏—è –æ—Ç —Å–∏—Å—Ç...

You may provide a definition with
\DeclareUnicodeCharacter 


! Package inputenc Error: Unicode character –∫ (U+043A)
(inputenc)                not set up for use with LaTeX.

See the inputenc package documentation for explanation.
Type  H <return>  for immediate help.
 ...                                              
                                                  
l.2 –§—É–Ω–∫
            —Ü–∏–∏ –æ–±—Ä–∞–±–æ—Ç—á–∏–∫–∞ –ø—Ä–µ—Ä—ã–≤–∞–Ω–∏—è –æ—Ç —Å–∏—Å—Ç...

You may provide a definition with
\DeclareUnicodeCharacter 


! Package inputenc Error: Unicode character —Ü (U+0446)
(inputenc)                not set up for use with LaTeX.

See the inputenc package documentation for explanation.
Type  H <return>  for immediate help.
 ...                                              
                                                  
l.2 –§—É–Ω–∫—Ü
              –∏–∏ –æ–±—Ä–∞–±–æ—Ç—á–∏–∫–∞ –ø—Ä–µ—Ä—ã–≤–∞–Ω–∏—è –æ—Ç —Å–∏—Å—Ç...

You may provide a definition with
\DeclareUnicodeCharacter 


! Package inputenc Error: Unicode character –∏ (U+0438)
(inputenc)                not set up for use with LaTeX.

See the inputenc package documentation for explanation.
Type  H <return>  for immediate help.
 ...                                              
                                                  
l.2 –§—É–Ω–∫—Ü–∏
                –∏ –æ–±—Ä–∞–±–æ—Ç—á–∏–∫–∞ –ø—Ä–µ—Ä—ã–≤–∞–Ω–∏—è –æ—Ç —Å–∏—Å—Ç...

You may provide a definition with
\DeclareUnicodeCharacter 


! Package inputenc Error: Unicode character –∏ (U+0438)
(inputenc)                not set up for use with LaTeX.

See the inputenc package documentation for explanation.
Type  H <return>  for immediate help.
 ...                                              
                                                  
l.2 –§—É–Ω–∫—Ü–∏–∏
                   –æ–±—Ä–∞–±–æ—Ç—á–∏–∫–∞ –ø—Ä–µ—Ä—ã–≤–∞–Ω–∏—è –æ—Ç —Å–∏—Å—Ç...

You may provide a definition with
\DeclareUnicodeCharacter 


! Package inputenc Error: Unicode character –æ (U+043E)
(inputenc)                not set up for use with LaTeX.

See the inputenc package documentation for explanation.
Type  H <return>  for immediate help.
 ...                                              
                                                  
l.2 –§—É–Ω–∫—Ü–∏–∏ –æ
                     –±—Ä–∞–±–æ—Ç—á–∏–∫–∞ –ø—Ä–µ—Ä—ã–≤–∞–Ω–∏—è –æ—Ç —Å–∏—Å—Ç...

You may provide a definition with
\DeclareUnicodeCharacter 


! Package inputenc Error: Unicode character –± (U+0431)
(inputenc)                not set up for use with LaTeX.

See the inputenc package documentation for explanation.
Type  H <return>  for immediate help.
 ...                                              
                                                  
l.2 –§—É–Ω–∫—Ü–∏–∏ –æ–±
                       —Ä–∞–±–æ—Ç—á–∏–∫–∞ –ø—Ä–µ—Ä—ã–≤–∞–Ω–∏—è –æ—Ç —Å–∏—Å—Ç...

You may provide a definition with
\DeclareUnicodeCharacter 


! Package inputenc Error: Unicode character —Ä (U+0440)
(inputenc)                not set up for use with LaTeX.

See the inputenc package documentation for explanation.
Type  H <return>  for immediate help.
 ...                                              
                                                  
l.2 –§—É–Ω–∫—Ü–∏–∏ –æ–±—Ä
                         –∞–±–æ—Ç—á–∏–∫–∞ –ø—Ä–µ—Ä—ã–≤–∞–Ω–∏—è –æ—Ç —Å–∏—Å—Ç...

You may provide a definition with
\DeclareUnicodeCharacter 


! Package inputenc Error: Unicode character –∞ (U+0430)
(inputenc)                not set up for use with LaTeX.

See the inputenc package documentation for explanation.
Type  H <return>  for immediate help.
 ...                                              
                                                  
l.2 –§—É–Ω–∫—Ü–∏–∏ –æ–±—Ä–∞
                           –±–æ—Ç—á–∏–∫–∞ –ø—Ä–µ—Ä—ã–≤–∞–Ω–∏—è –æ—Ç —Å–∏—Å—Ç...

You may provide a definition with
\DeclareUnicodeCharacter 


! Package inputenc Error: Unicode character –± (U+0431)
(inputenc)                not set up for use with LaTeX.

See the inputenc package documentation for explanation.
Type  H <return>  for immediate help.
 ...                                              
                                                  
l.2 –§—É–Ω–∫—Ü–∏–∏ –æ–±—Ä–∞–±
                             –æ—Ç—á–∏–∫–∞ –ø—Ä–µ—Ä—ã–≤–∞–Ω–∏—è –æ—Ç —Å–∏—Å—Ç...

You may provide a definition with
\DeclareUnicodeCharacter 


! Package inputenc Error: Unicode character –æ (U+043E)
(inputenc)                not set up for use with LaTeX.

See the inputenc package documentation for explanation.
Type  H <return>  for immediate help.
 ...                                              
                                                  
l.2 –§—É–Ω–∫—Ü–∏–∏ –æ–±—Ä–∞–±–æ
                               —Ç—á–∏–∫–∞ –ø—Ä–µ—Ä—ã–≤–∞–Ω–∏—è –æ—Ç —Å–∏—Å—Ç...

You may provide a definition with
\DeclareUnicodeCharacter 


! Package inputenc Error: Unicode character —Ç (U+0442)
(inputenc)                not set up for use with LaTeX.

See the inputenc package documentation for explanation.
Type  H <return>  for immediate help.
 ...                                              
                                                  
l.2 –§—É–Ω–∫—Ü–∏–∏ –æ–±—Ä–∞–±–æ—Ç
                                 —á–∏–∫–∞ –ø—Ä–µ—Ä—ã–≤–∞–Ω–∏—è –æ—Ç —Å–∏—Å—Ç...

You may provide a definition with
\DeclareUnicodeCharacter 


! Package inputenc Error: Unicode character —á (U+0447)
(inputenc)                not set up for use with LaTeX.

See the inputenc package documentation for explanation.
Type  H <return>  for immediate help.
 ...                                              
                                                  
l.2 –§—É–Ω–∫—Ü–∏–∏ –æ–±—Ä–∞–±–æ—Ç—á
                                   –∏–∫–∞ –ø—Ä–µ—Ä—ã–≤–∞–Ω–∏—è –æ—Ç —Å–∏—Å—Ç...

You may provide a definition with
\DeclareUnicodeCharacter 


! Package inputenc Error: Unicode character –∏ (U+0438)
(inputenc)                not set up for use with LaTeX.

See the inputenc package documentation for explanation.
Type  H <return>  for immediate help.
 ...                                              
                                                  
l.2 –§—É–Ω–∫—Ü–∏–∏ –æ–±—Ä–∞–±–æ—Ç—á–∏
                                     –∫–∞ –ø—Ä–µ—Ä—ã–≤–∞–Ω–∏—è –æ—Ç —Å–∏—Å—Ç...

You may provide a definition with
\DeclareUnicodeCharacter 


! Package inputenc Error: Unicode character –∫ (U+043A)
(inputenc)                not set up for use with LaTeX.

See the inputenc package documentation for explanation.
Type  H <return>  for immediate help.
 ...                                              
                                                  
l.2 –§—É–Ω–∫—Ü–∏–∏ –æ–±—Ä–∞–±–æ—Ç—á–∏–∫
                                       –∞ –ø—Ä–µ—Ä—ã–≤–∞–Ω–∏—è –æ—Ç —Å–∏—Å—Ç...

You may provide a definition with
\DeclareUnicodeCharacter 


! Package inputenc Error: Unicode character –∞ (U+0430)
(inputenc)                not set up for use with LaTeX.

See the inputenc package documentation for explanation.
Type  H <return>  for immediate help.
 ...                                              
                                                  
l.2 –§—É–Ω–∫—Ü–∏–∏ –æ–±—Ä–∞–±–æ—Ç—á–∏–∫–∞
                                          –ø—Ä–µ—Ä—ã–≤–∞–Ω–∏—è –æ—Ç —Å–∏—Å—Ç...

You may provide a definition with
\DeclareUnicodeCharacter 


! Package inputenc Error: Unicode character –ø (U+043F)
(inputenc)                not set up for use with LaTeX.

See the inputenc package documentation for explanation.
Type  H <return>  for immediate help.
 ...                                              
                                                  
l.2 –§—É–Ω–∫—Ü–∏–∏ –æ–±—Ä–∞–±–æ—Ç—á–∏–∫–∞ –ø
                                            —Ä–µ—Ä—ã–≤–∞–Ω–∏—è –æ—Ç —Å–∏—Å—Ç...

You may provide a definition with
\DeclareUnicodeCharacter 


! Package inputenc Error: Unicode character —Ä (U+0440)
(inputenc)                not set up for use with LaTeX.

See the inputenc package documentation for explanation.
Type  H <return>  for immediate help.
 ...                                              
                                                  
l.2 –§—É–Ω–∫—Ü–∏–∏ –æ–±—Ä–∞–±–æ—Ç—á–∏–∫–∞ –ø—Ä
                                              –µ—Ä—ã–≤–∞–Ω–∏—è –æ—Ç —Å–∏—Å—Ç...

You may provide a definition with
\DeclareUnicodeCharacter 


! Package inputenc Error: Unicode character –µ (U+0435)
(inputenc)                not set up for use with LaTeX.

See the inputenc package documentation for explanation.
Type  H <return>  for immediate help.
 ...                                              
                                                  
l.2 –§—É–Ω–∫—Ü–∏–∏ –æ–±—Ä–∞–±–æ—Ç—á–∏–∫–∞ –ø—Ä–µ
                                                —Ä—ã–≤–∞–Ω–∏—è –æ—Ç —Å–∏—Å—Ç...

You may provide a definition with
\DeclareUnicodeCharacter 


! Package inputenc Error: Unicode character —Ä (U+0440)
(inputenc)                not set up for use with LaTeX.

See the inputenc package documentation for explanation.
Type  H <return>  for immediate help.
 ...                                              
                                                  
l.2 –§—É–Ω–∫—Ü–∏–∏ –æ–±—Ä–∞–±–æ—Ç—á–∏–∫–∞ –ø—Ä–µ—Ä
                                                  —ã–≤–∞–Ω–∏—è –æ—Ç —Å–∏—Å—Ç...

You may provide a definition with
\DeclareUnicodeCharacter 


! Package inputenc Error: Unicode character —ã (U+044B)
(inputenc)                not set up for use with LaTeX.

See the inputenc package documentation for explanation.
Type  H <return>  for immediate help.
 ...                                              
                                                  
l.2 ...Ω–∫—Ü–∏–∏ –æ–±—Ä–∞–±–æ—Ç—á–∏–∫–∞ –ø—Ä–µ—Ä—ã
                                                  –≤–∞–Ω–∏—è –æ—Ç —Å–∏—Å—Ç–µ...

You may provide a definition with
\DeclareUnicodeCharacter 


! Package inputenc Error: Unicode character –≤ (U+0432)
(inputenc)                not set up for use with LaTeX.

See the inputenc package documentation for explanation.
Type  H <return>  for immediate help.
 ...                                              
                                                  
l.2 ...∫—Ü–∏–∏ –æ–±—Ä–∞–±–æ—Ç—á–∏–∫–∞ –ø—Ä–µ—Ä—ã–≤
                                                  –∞–Ω–∏—è –æ—Ç —Å–∏—Å—Ç–µ–º...

You may provide a definition with
\DeclareUnicodeCharacter 


! Package inputenc Error: Unicode character –∞ (U+0430)
(inputenc)                not set up for use with LaTeX.

See the inputenc package documentation for explanation.
Type  H <return>  for immediate help.
 ...                                              
                                                  
l.2 ...Ü–∏–∏ –æ–±—Ä–∞–±–æ—Ç—á–∏–∫–∞ –ø—Ä–µ—Ä—ã–≤–∞
                                                  –Ω–∏—è –æ—Ç —Å–∏—Å—Ç–µ–º–Ω...

You may provide a definition with
\DeclareUnicodeCharacter 


! Package inputenc Error: Unicode character –Ω (U+043D)
(inputenc)                not set up for use with LaTeX.

See the inputenc package documentation for explanation.
Type  H <return>  for immediate help.
 ...                                              
                                                  
l.2 ...∏–∏ –æ–±—Ä–∞–±–æ—Ç—á–∏–∫–∞ –ø—Ä–µ—Ä—ã–≤–∞–Ω
                                                  –∏—è –æ—Ç —Å–∏—Å—Ç–µ–º–Ω–æ...

You may provide a definition with
\DeclareUnicodeCharacter 


! Package inputenc Error: Unicode character –∏ (U+0438)
(inputenc)                not set up for use with LaTeX.

See the inputenc package documentation for explanation.
Type  H <return>  for immediate help.
 ...                                              
                                                  
l.2 ...∏ –æ–±—Ä–∞–±–æ—Ç—á–∏–∫–∞ –ø—Ä–µ—Ä—ã–≤–∞–Ω–∏
                                                  —è –æ—Ç —Å–∏—Å—Ç–µ–º–Ω–æ–≥...

You may provide a definition with
\DeclareUnicodeCharacter 


! Package inputenc Error: Unicode character —è (U+044F)
(inputenc)                not set up for use with LaTeX.

See the inputenc package documentation for explanation.
Type  H <return>  for immediate help.
 ...                                              
                                                  
l.2 ...–æ–±—Ä–∞–±–æ—Ç—á–∏–∫–∞ –ø—Ä–µ—Ä—ã–≤–∞–Ω–∏—è
                                                   –æ—Ç —Å–∏—Å—Ç–µ–º–Ω–æ–≥–æ...

You may provide a definition with
\DeclareUnicodeCharacter 


! Package inputenc Error: Unicode character –æ (U+043E)
(inputenc)                not set up for use with LaTeX.

See the inputenc package documentation for explanation.
Type  H <return>  for immediate help.
 ...                                              
                                                  
l.2 ...±—Ä–∞–±–æ—Ç—á–∏–∫–∞ –ø—Ä–µ—Ä—ã–≤–∞–Ω–∏—è –æ
                                                  —Ç —Å–∏—Å—Ç–µ–º–Ω–æ–≥–æ —Ç...

You may provide a definition with
\DeclareUnicodeCharacter 


! Package inputenc Error: Unicode character —Ç (U+0442)
(inputenc)                not set up for use with LaTeX.

See the inputenc package documentation for explanation.
Type  H <return>  for immediate help.
 ...                                              
                                                  
l.2 ...Ä–∞–±–æ—Ç—á–∏–∫–∞ –ø—Ä–µ—Ä—ã–≤–∞–Ω–∏—è –æ—Ç
                                                   —Å–∏—Å—Ç–µ–º–Ω–æ–≥–æ —Ç–∞...

You may provide a definition with
\DeclareUnicodeCharacter 


! Package inputenc Error: Unicode character —Å (U+0441)
(inputenc)                not set up for use with LaTeX.

See the inputenc package documentation for explanation.
Type  H <return>  for immediate help.
 ...                                              
                                                  
l.2 ...–±–æ—Ç—á–∏–∫–∞ –ø—Ä–µ—Ä—ã–≤–∞–Ω–∏—è –æ—Ç —Å
                                                  –∏—Å—Ç–µ–º–Ω–æ–≥–æ —Ç–∞–π–...

You may provide a definition with
\DeclareUnicodeCharacter 


! Package inputenc Error: Unicode character –∏ (U+0438)
(inputenc)                not set up for use with LaTeX.

See the inputenc package documentation for explanation.
Type  H <return>  for immediate help.
 ...                                              
                                                  
l.2 ...–æ—Ç—á–∏–∫–∞ –ø—Ä–µ—Ä—ã–≤–∞–Ω–∏—è –æ—Ç —Å–∏
                                                  —Å—Ç–µ–º–Ω–æ–≥–æ —Ç–∞–π–º–...

You may provide a definition with
\DeclareUnicodeCharacter 


! Package inputenc Error: Unicode character —Å (U+0441)
(inputenc)                not set up for use with LaTeX.

See the inputenc package documentation for explanation.
Type  H <return>  for immediate help.
 ...                                              
                                                  
l.2 ...—Ç—á–∏–∫–∞ –ø—Ä–µ—Ä—ã–≤–∞–Ω–∏—è –æ—Ç —Å–∏—Å
                                                  —Ç–µ–º–Ω–æ–≥–æ —Ç–∞–π–º–µ—...

You may provide a definition with
\DeclareUnicodeCharacter 


! Package inputenc Error: Unicode character —Ç (U+0442)
(inputenc)                not set up for use with LaTeX.

See the inputenc package documentation for explanation.
Type  H <return>  for immediate help.
 ...                                              
                                                  
l.2 ...—á–∏–∫–∞ –ø—Ä–µ—Ä—ã–≤–∞–Ω–∏—è –æ—Ç —Å–∏—Å—Ç
                                                  –µ–º–Ω–æ–≥–æ —Ç–∞–π–º–µ—Ä–...

You may provide a definition with
\DeclareUnicodeCharacter 


! Package inputenc Error: Unicode character –µ (U+0435)
(inputenc)                not set up for use with LaTeX.

See the inputenc package documentation for explanation.
Type  H <return>  for immediate help.
 ...                                              
                                                  
l.2 ...–∏–∫–∞ –ø—Ä–µ—Ä—ã–≤–∞–Ω–∏—è –æ—Ç —Å–∏—Å—Ç–µ
                                                  –º–Ω–æ–≥–æ —Ç–∞–π–º–µ—Ä–∞ ...

You may provide a definition with
\DeclareUnicodeCharacter 


! Package inputenc Error: Unicode character –º (U+043C)
(inputenc)                not set up for use with LaTeX.

See the inputenc package documentation for explanation.
Type  H <return>  for immediate help.
 ...                                              
                                                  
l.2 ...–∫–∞ –ø—Ä–µ—Ä—ã–≤–∞–Ω–∏—è –æ—Ç —Å–∏—Å—Ç–µ–º
                                                  –Ω–æ–≥–æ —Ç–∞–π–º–µ—Ä–∞ –≤...

You may provide a definition with
\DeclareUnicodeCharacter 


! Package inputenc Error: Unicode character –Ω (U+043D)
(inputenc)                not set up for use with LaTeX.

See the inputenc package documentation for explanation.
Type  H <return>  for immediate help.
 ...                                              
                                                  
l.2 ...–∞ –ø—Ä–µ—Ä—ã–≤–∞–Ω–∏—è –æ—Ç —Å–∏—Å—Ç–µ–º–Ω
                                                  –æ–≥–æ —Ç–∞–π–º–µ—Ä–∞ –≤ –...

You may provide a definition with
\DeclareUnicodeCharacter 


! Package inputenc Error: Unicode character –æ (U+043E)
(inputenc)                not set up for use with LaTeX.

See the inputenc package documentation for explanation.
Type  H <return>  for immediate help.
 ...                                              
                                                  
l.2 ... –ø—Ä–µ—Ä—ã–≤–∞–Ω–∏—è –æ—Ç —Å–∏—Å—Ç–µ–º–Ω–æ
                                                  –≥–æ —Ç–∞–π–º–µ—Ä–∞ –≤ –∑–...

You may provide a definition with
\DeclareUnicodeCharacter 


! Package inputenc Error: Unicode character –≥ (U+0433)
(inputenc)                not set up for use with LaTeX.

See the inputenc package documentation for explanation.
Type  H <return>  for immediate help.
 ...                                              
                                                  
l.2 ...ø—Ä–µ—Ä—ã–≤–∞–Ω–∏—è –æ—Ç —Å–∏—Å—Ç–µ–º–Ω–æ–≥
                                                  –æ —Ç–∞–π–º–µ—Ä–∞ –≤ –∑–∞—...

You may provide a definition with
\DeclareUnicodeCharacter 


! Package inputenc Error: Unicode character –æ (U+043E)
(inputenc)                not set up for use with LaTeX.

See the inputenc package documentation for explanation.
Type  H <return>  for immediate help.
 ...                                              
                                                  
l.2 ...Ä–µ—Ä—ã–≤–∞–Ω–∏—è –æ—Ç —Å–∏—Å—Ç–µ–º–Ω–æ–≥–æ
                                                   —Ç–∞–π–º–µ—Ä–∞ –≤ –∑–∞—â–...

You may provide a definition with
\DeclareUnicodeCharacter 


! Package inputenc Error: Unicode character —Ç (U+0442)
(inputenc)                not set up for use with LaTeX.

See the inputenc package documentation for explanation.
Type  H <return>  for immediate help.
 ...                                              
                                                  
l.2 ...—Ä—ã–≤–∞–Ω–∏—è –æ—Ç —Å–∏—Å—Ç–µ–º–Ω–æ–≥–æ —Ç
                                                  –∞–π–º–µ—Ä–∞ –≤ –∑–∞—â–∏—â...

You may provide a definition with
\DeclareUnicodeCharacter 


! Package inputenc Error: Unicode character –∞ (U+0430)
(inputenc)                not set up for use with LaTeX.

See the inputenc package documentation for explanation.
Type  H <return>  for immediate help.
 ...                                              
                                                  
l.2 ...—ã–≤–∞–Ω–∏—è –æ—Ç —Å–∏—Å—Ç–µ–º–Ω–æ–≥–æ —Ç–∞
                                                  –π–º–µ—Ä–∞ –≤ –∑–∞—â–∏—â–µ...

You may provide a definition with
\DeclareUnicodeCharacter 


! Package inputenc Error: Unicode character –π (U+0439)
(inputenc)                not set up for use with LaTeX.

See the inputenc package documentation for explanation.
Type  H <return>  for immediate help.
 ...                                              
                                                  
l.2 ...–≤–∞–Ω–∏—è –æ—Ç —Å–∏—Å—Ç–µ–º–Ω–æ–≥–æ —Ç–∞–π
                                                  –º–µ—Ä–∞ –≤ –∑–∞—â–∏—â–µ–Ω...

You may provide a definition with
\DeclareUnicodeCharacter 


! Package inputenc Error: Unicode character –º (U+043C)
(inputenc)                not set up for use with LaTeX.

See the inputenc package documentation for explanation.
Type  H <return>  for immediate help.
 ...                                              
                                                  
l.2 ...–∞–Ω–∏—è –æ—Ç —Å–∏—Å—Ç–µ–º–Ω–æ–≥–æ —Ç–∞–π–º
                                                  –µ—Ä–∞ –≤ –∑–∞—â–∏—â–µ–Ω–Ω...

You may provide a definition with
\DeclareUnicodeCharacter 


! Package inputenc Error: Unicode character –µ (U+0435)
(inputenc)                not set up for use with LaTeX.

See the inputenc package documentation for explanation.
Type  H <return>  for immediate help.
 ...                                              
                                                  
l.2 ...–Ω–∏—è –æ—Ç —Å–∏—Å—Ç–µ–º–Ω–æ–≥–æ —Ç–∞–π–º–µ
                                                  —Ä–∞ –≤ –∑–∞—â–∏—â–µ–Ω–Ω–æ...

You may provide a definition with
\DeclareUnicodeCharacter 


! Package inputenc Error: Unicode character —Ä (U+0440)
(inputenc)                not set up for use with LaTeX.

See the inputenc package documentation for explanation.
Type  H <return>  for immediate help.
 ...                                              
                                                  
l.2 ...–∏—è –æ—Ç —Å–∏—Å—Ç–µ–º–Ω–æ–≥–æ —Ç–∞–π–º–µ—Ä
                                                  –∞ –≤ –∑–∞—â–∏—â–µ–Ω–Ω–æ–º...

You may provide a definition with
\DeclareUnicodeCharacter 


! Package inputenc Error: Unicode character –∞ (U+0430)
(inputenc)                not set up for use with LaTeX.

See the inputenc package documentation for explanation.
Type  H <return>  for immediate help.
 ...                                              
                                                  
l.2 ...—è –æ—Ç —Å–∏—Å—Ç–µ–º–Ω–æ–≥–æ —Ç–∞–π–º–µ—Ä–∞
                                                   –≤ –∑–∞—â–∏—â–µ–Ω–Ω–æ–º —...

You may provide a definition with
\DeclareUnicodeCharacter 


! Package inputenc Error: Unicode character –≤ (U+0432)
(inputenc)                not set up for use with LaTeX.

See the inputenc package documentation for explanation.
Type  H <return>  for immediate help.
 ...                                              
                                                  
l.2 ...–æ—Ç —Å–∏—Å—Ç–µ–º–Ω–æ–≥–æ —Ç–∞–π–º–µ—Ä–∞ –≤
                                                   –∑–∞—â–∏—â–µ–Ω–Ω–æ–º —Ä–µ...

You may provide a definition with
\DeclareUnicodeCharacter 


! Package inputenc Error: Unicode character –∑ (U+0437)
(inputenc)                not set up for use with LaTeX.

See the inputenc package documentation for explanation.
Type  H <return>  for immediate help.
 ...                                              
                                                  
l.2 ...Ç —Å–∏—Å—Ç–µ–º–Ω–æ–≥–æ —Ç–∞–π–º–µ—Ä–∞ –≤ –∑
                                                  –∞—â–∏—â–µ–Ω–Ω–æ–º —Ä–µ–∂–...

You may provide a definition with
\DeclareUnicodeCharacter 


! Package inputenc Error: Unicode character –∞ (U+0430)
(inputenc)                not set up for use with LaTeX.

See the inputenc package documentation for explanation.
Type  H <return>  for immediate help.
 ...                                              
                                                  
l.2 ...—Å–∏—Å—Ç–µ–º–Ω–æ–≥–æ —Ç–∞–π–º–µ—Ä–∞ –≤ –∑–∞
                                                  —â–∏—â–µ–Ω–Ω–æ–º —Ä–µ–∂–∏–...

You may provide a definition with
\DeclareUnicodeCharacter 


! Package inputenc Error: Unicode character —â (U+0449)
(inputenc)                not set up for use with LaTeX.

See the inputenc package documentation for explanation.
Type  H <return>  for immediate help.
 ...                                              
                                                  
l.2 ...–∏—Å—Ç–µ–º–Ω–æ–≥–æ —Ç–∞–π–º–µ—Ä–∞ –≤ –∑–∞—â
                                                  –∏—â–µ–Ω–Ω–æ–º —Ä–µ–∂–∏–º–...

You may provide a definition with
\DeclareUnicodeCharacter 


! Package inputenc Error: Unicode character –∏ (U+0438)
(inputenc)                not set up for use with LaTeX.

See the inputenc package documentation for explanation.
Type  H <return>  for immediate help.
 ...                                              
                                                  
l.2 ...—Å—Ç–µ–º–Ω–æ–≥–æ —Ç–∞–π–º–µ—Ä–∞ –≤ –∑–∞—â–∏
                                                  —â–µ–Ω–Ω–æ–º —Ä–µ–∂–∏–º–µ ...

You may provide a definition with
\DeclareUnicodeCharacter 


! Package inputenc Error: Unicode character —â (U+0449)
(inputenc)                not set up for use with LaTeX.

See the inputenc package documentation for explanation.
Type  H <return>  for immediate help.
 ...                                              
                                                  
l.2 ...—Ç–µ–º–Ω–æ–≥–æ —Ç–∞–π–º–µ—Ä–∞ –≤ –∑–∞—â–∏—â
                                                  –µ–Ω–Ω–æ–º —Ä–µ–∂–∏–º–µ –¥...

You may provide a definition with
\DeclareUnicodeCharacter 


! Package inputenc Error: Unicode character –µ (U+0435)
(inputenc)                not set up for use with LaTeX.

See the inputenc package documentation for explanation.
Type  H <return>  for immediate help.
 ...                                              
                                                  
l.2 ...–µ–º–Ω–æ–≥–æ —Ç–∞–π–º–µ—Ä–∞ –≤ –∑–∞—â–∏—â–µ
                                                  –Ω–Ω–æ–º —Ä–µ–∂–∏–º–µ –¥–ª...

You may provide a definition with
\DeclareUnicodeCharacter 


! Package inputenc Error: Unicode character –Ω (U+043D)
(inputenc)                not set up for use with LaTeX.

See the inputenc package documentation for explanation.
Type  H <return>  for immediate help.
 ...                                              
                                                  
l.2 ...–º–Ω–æ–≥–æ —Ç–∞–π–º–µ—Ä–∞ –≤ –∑–∞—â–∏—â–µ–Ω
                                                  –Ω–æ–º —Ä–µ–∂–∏–º–µ –¥–ª—è...

You may provide a definition with
\DeclareUnicodeCharacter 


! Package inputenc Error: Unicode character –Ω (U+043D)
(inputenc)                not set up for use with LaTeX.

See the inputenc package documentation for explanation.
Type  H <return>  for immediate help.
 ...                                              
                                                  
l.2 ...–Ω–æ–≥–æ —Ç–∞–π–º–µ—Ä–∞ –≤ –∑–∞—â–∏—â–µ–Ω–Ω
                                                  –æ–º —Ä–µ–∂–∏–º–µ –¥–ª—è –...

You may provide a definition with
\DeclareUnicodeCharacter 


! Package inputenc Error: Unicode character –æ (U+043E)
(inputenc)                not set up for use with LaTeX.

See the inputenc package documentation for explanation.
Type  H <return>  for immediate help.
 ...                                              
                                                  
l.2 ...–æ–≥–æ —Ç–∞–π–º–µ—Ä–∞ –≤ –∑–∞—â–∏—â–µ–Ω–Ω–æ
                                                  –º —Ä–µ–∂–∏–º–µ –¥–ª—è –û–...

You may provide a definition with
\DeclareUnicodeCharacter 


! Package inputenc Error: Unicode character –º (U+043C)
(inputenc)                not set up for use with LaTeX.

See the inputenc package documentation for explanation.
Type  H <return>  for immediate help.
 ...                                              
                                                  
l.2 ...–≥–æ —Ç–∞–π–º–µ—Ä–∞ –≤ –∑–∞—â–∏—â–µ–Ω–Ω–æ–º
                                                   —Ä–µ–∂–∏–º–µ –¥–ª—è –û–° ...

You may provide a definition with
\DeclareUnicodeCharacter 


! Package inputenc Error: Unicode character —Ä (U+0440)
(inputenc)                not set up for use with LaTeX.

See the inputenc package documentation for explanation.
Type  H <return>  for immediate help.
 ...                                              
                                                  
l.2 ...æ —Ç–∞–π–º–µ—Ä–∞ –≤ –∑–∞—â–∏—â–µ–Ω–Ω–æ–º —Ä
                                                  –µ–∂–∏–º–µ –¥–ª—è –û–° —Å–...

You may provide a definition with
\DeclareUnicodeCharacter 


! Package inputenc Error: Unicode character –µ (U+0435)
(inputenc)                not set up for use with LaTeX.

See the inputenc package documentation for explanation.
Type  H <return>  for immediate help.
 ...                                              
                                                  
l.2 ...—Ç–∞–π–º–µ—Ä–∞ –≤ –∑–∞—â–∏—â–µ–Ω–Ω–æ–º —Ä–µ
                                                  –∂–∏–º–µ –¥–ª—è –û–° —Å–µ–...

You may provide a definition with
\DeclareUnicodeCharacter 


! Package inputenc Error: Unicode character –∂ (U+0436)
(inputenc)                not set up for use with LaTeX.

See the inputenc package documentation for explanation.
Type  H <return>  for immediate help.
 ...                                              
                                                  
l.2 ...–∞–π–º–µ—Ä–∞ –≤ –∑–∞—â–∏—â–µ–Ω–Ω–æ–º —Ä–µ–∂
                                                  –∏–º–µ –¥–ª—è –û–° —Å–µ–º–...

You may provide a definition with
\DeclareUnicodeCharacter 


! Package inputenc Error: Unicode character –∏ (U+0438)
(inputenc)                not set up for use with LaTeX.

See the inputenc package documentation for explanation.
Type  H <return>  for immediate help.
 ...                                              
                                                  
l.2 ...–π–º–µ—Ä–∞ –≤ –∑–∞—â–∏—â–µ–Ω–Ω–æ–º —Ä–µ–∂–∏
                                                  –º–µ –¥–ª—è –û–° —Å–µ–º–µ–...

You may provide a definition with
\DeclareUnicodeCharacter 


! Package inputenc Error: Unicode character –º (U+043C)
(inputenc)                not set up for use with LaTeX.

See the inputenc package documentation for explanation.
Type  H <return>  for immediate help.
 ...                                              
                                                  
l.2 ...–º–µ—Ä–∞ –≤ –∑–∞—â–∏—â–µ–Ω–Ω–æ–º —Ä–µ–∂–∏–º
                                                  –µ –¥–ª—è –û–° —Å–µ–º–µ–π—...

You may provide a definition with
\DeclareUnicodeCharacter 


! Package inputenc Error: Unicode character –µ (U+0435)
(inputenc)                not set up for use with LaTeX.

See the inputenc package documentation for explanation.
Type  H <return>  for immediate help.
 ...                                              
                                                  
l.2 ...–µ—Ä–∞ –≤ –∑–∞—â–∏—â–µ–Ω–Ω–æ–º —Ä–µ–∂–∏–º–µ
                                                   –¥–ª—è –û–° —Å–µ–º–µ–π—Å—...

You may provide a definition with
\DeclareUnicodeCharacter 


! Package inputenc Error: Unicode character –¥ (U+0434)
(inputenc)                not set up for use with LaTeX.

See the inputenc package documentation for explanation.
Type  H <return>  for immediate help.
 ...                                              
                                                  
l.2 ...Ä–∞ –≤ –∑–∞—â–∏—â–µ–Ω–Ω–æ–º —Ä–µ–∂–∏–º–µ –¥
                                                  –ª—è –û–° —Å–µ–º–µ–π—Å—Ç–≤...

You may provide a definition with
\DeclareUnicodeCharacter 


! Package inputenc Error: Unicode character –ª (U+043B)
(inputenc)                not set up for use with LaTeX.

See the inputenc package documentation for explanation.
Type  H <return>  for immediate help.
 ...                                              
                                                  
l.2 ...∞ –≤ –∑–∞—â–∏—â–µ–Ω–Ω–æ–º —Ä–µ–∂–∏–º–µ –¥–ª
                                                  —è –û–° —Å–µ–º–µ–π—Å—Ç–≤ W...

You may provide a definition with
\DeclareUnicodeCharacter 


! Package inputenc Error: Unicode character —è (U+044F)
(inputenc)                not set up for use with LaTeX.

See the inputenc package documentation for explanation.
Type  H <return>  for immediate help.
 ...                                              
                                                  
l.2 ...–≤ –∑–∞—â–∏—â–µ–Ω–Ω–æ–º —Ä–µ–∂–∏–º–µ –¥–ª—è
                                                   –û–° —Å–µ–º–µ–π—Å—Ç–≤ Win...

You may provide a definition with
\DeclareUnicodeCharacter 


! Package inputenc Error: Unicode character –û (U+041E)
(inputenc)                not set up for use with LaTeX.

See the inputenc package documentation for explanation.
Type  H <return>  for immediate help.
 ...                                              
                                                  
l.2 ...–∑–∞—â–∏—â–µ–Ω–Ω–æ–º —Ä–µ–∂–∏–º–µ –¥–ª—è –û
                                                  –° —Å–µ–º–µ–π—Å—Ç–≤ Window...

You may provide a definition with
\DeclareUnicodeCharacter 


! Package inputenc Error: Unicode character –° (U+0421)
(inputenc)                not set up for use with LaTeX.

See the inputenc package documentation for explanation.
Type  H <return>  for immediate help.
 ...                                              
                                                  
l.2 ...–∞—â–∏—â–µ–Ω–Ω–æ–º —Ä–µ–∂–∏–º–µ –¥–ª—è –û–°
                                                   —Å–µ–º–µ–π—Å—Ç–≤ Windows ...

You may provide a definition with
\DeclareUnicodeCharacter 


! Package inputenc Error: Unicode character —Å (U+0441)
(inputenc)                not set up for use with LaTeX.

See the inputenc package documentation for explanation.
Type  H <return>  for immediate help.
 ...                                              
                                                  
l.2 ...â–∏—â–µ–Ω–Ω–æ–º —Ä–µ–∂–∏–º–µ –¥–ª—è –û–° —Å
                                                  –µ–º–µ–π—Å—Ç–≤ Windows –∏ ...

You may provide a definition with
\DeclareUnicodeCharacter 


! Package inputenc Error: Unicode character –µ (U+0435)
(inputenc)                not set up for use with LaTeX.

See the inputenc package documentation for explanation.
Type  H <return>  for immediate help.
 ...                                              
                                                  
l.2 ...∏—â–µ–Ω–Ω–æ–º —Ä–µ–∂–∏–º–µ –¥–ª—è –û–° —Å–µ
                                                  –º–µ–π—Å—Ç–≤ Windows –∏ Un...

You may provide a definition with
\DeclareUnicodeCharacter 


! Package inputenc Error: Unicode character –º (U+043C)
(inputenc)                not set up for use with LaTeX.

See the inputenc package documentation for explanation.
Type  H <return>  for immediate help.
 ...                                              
                                                  
l.2 ...â–µ–Ω–Ω–æ–º —Ä–µ–∂–∏–º–µ –¥–ª—è –û–° —Å–µ–º
                                                  –µ–π—Å—Ç–≤ Windows –∏ Unix...

You may provide a definition with
\DeclareUnicodeCharacter 


! Package inputenc Error: Unicode character –µ (U+0435)
(inputenc)                not set up for use with LaTeX.

See the inputenc package documentation for explanation.
Type  H <return>  for immediate help.
 ...                                              
                                                  
l.2 ...µ–Ω–Ω–æ–º —Ä–µ–∂–∏–º–µ –¥–ª—è –û–° —Å–µ–º–µ
                                                  –π—Å—Ç–≤ Windows –∏ Unix/L...

You may provide a definition with
\DeclareUnicodeCharacter 


! Package inputenc Error: Unicode character –π (U+0439)
(inputenc)                not set up for use with LaTeX.

See the inputenc package documentation for explanation.
Type  H <return>  for immediate help.
 ...                                              
                                                  
l.2 ...Ω–Ω–æ–º —Ä–µ–∂–∏–º–µ –¥–ª—è –û–° —Å–µ–º–µ–π
                                                  —Å—Ç–≤ Windows –∏ Unix/Lin...

You may provide a definition with
\DeclareUnicodeCharacter 


! Package inputenc Error: Unicode character —Å (U+0441)
(inputenc)                not set up for use with LaTeX.

See the inputenc package documentation for explanation.
Type  H <return>  for immediate help.
 ...                                              
                                                  
l.2 ...Ω–æ–º —Ä–µ–∂–∏–º–µ –¥–ª—è –û–° —Å–µ–º–µ–π—Å
                                                  —Ç–≤ Windows –∏ Unix/Linux...

You may provide a definition with
\DeclareUnicodeCharacter 


! Package inputenc Error: Unicode character —Ç (U+0442)
(inputenc)                not set up for use with LaTeX.

See the inputenc package documentation for explanation.
Type  H <return>  for immediate help.
 ...                                              
                                                  
l.2 ...æ–º —Ä–µ–∂–∏–º–µ –¥–ª—è –û–° —Å–µ–º–µ–π—Å—Ç
                                                  –≤ Windows –∏ Unix/Linux –...

You may provide a definition with
\DeclareUnicodeCharacter 


! Package inputenc Error: Unicode character –≤ (U+0432)
(inputenc)                not set up for use with LaTeX.

See the inputenc package documentation for explanation.
Type  H <return>  for immediate help.
 ...                                              
                                                  
l.2 ...º —Ä–µ–∂–∏–º–µ –¥–ª—è –û–° —Å–µ–º–µ–π—Å—Ç–≤
                                                   Windows –∏ Unix/Linux –≤—...

You may provide a definition with
\DeclareUnicodeCharacter 

Missing character: There is no W in font nullfont!
Missing character: There is no i in font nullfont!
Missing character: There is no n in font nullfont!
Missing character: There is no d in font nullfont!
Missing character: There is no o in font nullfont!
Missing character: There is no w in font nullfont!
Missing character: There is no s in font nullfont!

! Package inputenc Error: Unicode character –∏ (U+0438)
(inputenc)                not set up for use with LaTeX.

See the inputenc package documentation for explanation.
Type  H <return>  for immediate help.
 ...                                              
                                                  
l.2 ...º–µ –¥–ª—è –û–° —Å–µ–º–µ–π—Å—Ç–≤ Windows –∏
                                                   Unix/Linux –≤—ã–ø–æ–ª–Ω—è...

You may provide a definition with
\DeclareUnicodeCharacter 

Missing character: There is no U in font nullfont!
Missing character: There is no n in font nullfont!
Missing character: There is no i in font nullfont!
Missing character: There is no x in font nullfont!
Missing character: There is no / in font nullfont!
Missing character: There is no L in font nullfont!
Missing character: There is no i in font nullfont!
Missing character: There is no n in font nullfont!
Missing character: There is no u in font nullfont!
Missing character: There is no x in font nullfont!

! Package inputenc Error: Unicode character –≤ (U+0432)
(inputenc)                not set up for use with LaTeX.

See the inputenc package documentation for explanation.
Type  H <return>  for immediate help.
 ...                                              
                                                  
l.2 ...° —Å–µ–º–µ–π—Å—Ç–≤ Windows –∏ Unix/Linux –≤
                                                  —ã–ø–æ–ª–Ω—è—é—Ç —Å—Ö–æ–∂–...

You may provide a definition with
\DeclareUnicodeCharacter 


! Package inputenc Error: Unicode character —ã (U+044B)
(inputenc)                not set up for use with LaTeX.

See the inputenc package documentation for explanation.
Type  H <return>  for immediate help.
 ...                                              
                                                  
l.2 ...—Å–µ–º–µ–π—Å—Ç–≤ Windows –∏ Unix/Linux –≤—ã
                                                  –ø–æ–ª–Ω—è—é—Ç —Å—Ö–æ–∂–∏–...

You may provide a definition with
\DeclareUnicodeCharacter 


! Package inputenc Error: Unicode character –ø (U+043F)
(inputenc)                not set up for use with LaTeX.

See the inputenc package documentation for explanation.
Type  H <return>  for immediate help.
 ...                                              
                                                  
l.2 ...–µ–º–µ–π—Å—Ç–≤ Windows –∏ Unix/Linux –≤—ã–ø
                                                  –æ–ª–Ω—è—é—Ç —Å—Ö–æ–∂–∏–µ ...

You may provide a definition with
\DeclareUnicodeCharacter 


! Package inputenc Error: Unicode character –æ (U+043E)
(inputenc)                not set up for use with LaTeX.

See the inputenc package documentation for explanation.
Type  H <return>  for immediate help.
 ...                                              
                                                  
l.2 ...–º–µ–π—Å—Ç–≤ Windows –∏ Unix/Linux –≤—ã–ø–æ
                                                  –ª–Ω—è—é—Ç —Å—Ö–æ–∂–∏–µ –∑...

You may provide a definition with
\DeclareUnicodeCharacter 


! Package inputenc Error: Unicode character –ª (U+043B)
(inputenc)                not set up for use with LaTeX.

See the inputenc package documentation for explanation.
Type  H <return>  for immediate help.
 ...                                              
                                                  
l.2 ...–µ–π—Å—Ç–≤ Windows –∏ Unix/Linux –≤—ã–ø–æ–ª
                                                  –Ω—è—é—Ç —Å—Ö–æ–∂–∏–µ –∑–∞...

You may provide a definition with
\DeclareUnicodeCharacter 


! Package inputenc Error: Unicode character –Ω (U+043D)
(inputenc)                not set up for use with LaTeX.

See the inputenc package documentation for explanation.
Type  H <return>  for immediate help.
 ...                                              
                                                  
l.2 ...–π—Å—Ç–≤ Windows –∏ Unix/Linux –≤—ã–ø–æ–ª–Ω
                                                  —è—é—Ç —Å—Ö–æ–∂–∏–µ –∑–∞–¥...

You may provide a definition with
\DeclareUnicodeCharacter 


! Package inputenc Error: Unicode character —è (U+044F)
(inputenc)                not set up for use with LaTeX.

See the inputenc package documentation for explanation.
Type  H <return>  for immediate help.
 ...                                              
                                                  
l.2 ...—Å—Ç–≤ Windows –∏ Unix/Linux –≤—ã–ø–æ–ª–Ω—è
                                                  —é—Ç —Å—Ö–æ–∂–∏–µ –∑–∞–¥–∞...

You may provide a definition with
\DeclareUnicodeCharacter 


! Package inputenc Error: Unicode character —é (U+044E)
(inputenc)                not set up for use with LaTeX.

See the inputenc package documentation for explanation.
Type  H <return>  for immediate help.
 ...                                              
                                                  
l.2 ...—Ç–≤ Windows –∏ Unix/Linux –≤—ã–ø–æ–ª–Ω—è—é
                                                  —Ç —Å—Ö–æ–∂–∏–µ –∑–∞–¥–∞—á–∏:

You may provide a definition with
\DeclareUnicodeCharacter 


! Package inputenc Error: Unicode character —Ç (U+0442)
(inputenc)                not set up for use with LaTeX.

See the inputenc package documentation for explanation.
Type  H <return>  for immediate help.
 ...                                              
                                                  
l.2 ...–≤ Windows –∏ Unix/Linux –≤—ã–ø–æ–ª–Ω—è—é—Ç
                                                   —Å—Ö–æ–∂–∏–µ –∑–∞–¥–∞—á–∏:
You may provide a definition with
\DeclareUnicodeCharacter 


! Package inputenc Error: Unicode character —Å (U+0441)
(inputenc)                not set up for use with LaTeX.

See the inputenc package documentation for explanation.
Type  H <return>  for immediate help.
 ...                                              
                                                  
l.2 ...Windows –∏ Unix/Linux –≤—ã–ø–æ–ª–Ω—è—é—Ç —Å
                                                  —Ö–æ–∂–∏–µ –∑–∞–¥–∞—á–∏:
You may provide a definition with
\DeclareUnicodeCharacter 


! Package inputenc Error: Unicode character —Ö (U+0445)
(inputenc)                not set up for use with LaTeX.

See the inputenc package documentation for explanation.
Type  H <return>  for immediate help.
 ...                                              
                                                  
l.2 ...ndows –∏ Unix/Linux –≤—ã–ø–æ–ª–Ω—è—é—Ç —Å—Ö
                                                  –æ–∂–∏–µ –∑–∞–¥–∞—á–∏:
You may provide a definition with
\DeclareUnicodeCharacter 


! Package inputenc Error: Unicode character –æ (U+043E)
(inputenc)                not set up for use with LaTeX.

See the inputenc package documentation for explanation.
Type  H <return>  for immediate help.
 ...                                              
                                                  
l.2 ...ows –∏ Unix/Linux –≤—ã–ø–æ–ª–Ω—è—é—Ç —Å—Ö–æ
                                                  –∂–∏–µ –∑–∞–¥–∞—á–∏:
You may provide a definition with
\DeclareUnicodeCharacter 


! Package inputenc Error: Unicode character –∂ (U+0436)
(inputenc)                not set up for use with LaTeX.

See the inputenc package documentation for explanation.
Type  H <return>  for immediate help.
 ...                                              
                                                  
l.2 ...s –∏ Unix/Linux –≤—ã–ø–æ–ª–Ω—è—é—Ç —Å—Ö–æ–∂
                                                  –∏–µ –∑–∞–¥–∞—á–∏:
You may provide a definition with
\DeclareUnicodeCharacter 


! Package inputenc Error: Unicode character –∏ (U+0438)
(inputenc)                not set up for use with LaTeX.

See the inputenc package documentation for explanation.
Type  H <return>  for immediate help.
 ...                                              
                                                  
l.2 ...–∏ Unix/Linux –≤—ã–ø–æ–ª–Ω—è—é—Ç —Å—Ö–æ–∂–∏
                                                  –µ –∑–∞–¥–∞—á–∏:
You may provide a definition with
\DeclareUnicodeCharacter 


! Package inputenc Error: Unicode character –µ (U+0435)
(inputenc)                not set up for use with LaTeX.

See the inputenc package documentation for explanation.
Type  H <return>  for immediate help.
 ...                                              
                                                  
l.2 ... Unix/Linux –≤—ã–ø–æ–ª–Ω—è—é—Ç —Å—Ö–æ–∂–∏–µ
                                                   –∑–∞–¥–∞—á–∏:
You may provide a definition with
\DeclareUnicodeCharacter 


! Package inputenc Error: Unicode character –∑ (U+0437)
(inputenc)                not set up for use with LaTeX.

See the inputenc package documentation for explanation.
Type  H <return>  for immediate help.
 ...                                              
                                                  
l.2 ...ix/Linux –≤—ã–ø–æ–ª–Ω—è—é—Ç —Å—Ö–æ–∂–∏–µ –∑
                                                  –∞–¥–∞—á–∏:
(That makes 100 errors; please try again.) 
Here is how much of TeX's memory you used:
 50 strings out of 478864
 829 string characters out of 2848186
 292975 words of memory out of 3000000
 18074 multiletter control sequences out of 15000+600000
 403430 words of font info for 27 fonts, out of 8000000 for 9000
 1141 hyphenation exceptions out of 8191
 13i,0n,12p,258b,21s stack positions out of 5000i,500n,10000p,200000b,80000s

!  ==> Fatal error occurred, no output PDF file produced!
